{"C:\\Users\\micha\\Documents\\_dev\\youtube-windowed-fullscreen\\content.js": {"path":"C:\\Users\\micha\\Documents\\_dev\\youtube-windowed-fullscreen\\content.js","statementMap":{"0":{"start":{"line":3,"column":0},"end":{"line":125,"column":5}},"1":{"start":{"line":6,"column":21},"end":{"line":6,"column":33}},"2":{"start":{"line":7,"column":22},"end":{"line":7,"column":35}},"3":{"start":{"line":12,"column":4},"end":{"line":12,"column":51}},"4":{"start":{"line":16,"column":17},"end":{"line":16,"column":41}},"5":{"start":{"line":17,"column":4},"end":{"line":17,"column":58}},"6":{"start":{"line":21,"column":4},"end":{"line":21,"column":67}},"7":{"start":{"line":25,"column":4},"end":{"line":25,"column":59}},"8":{"start":{"line":25,"column":52},"end":{"line":25,"column":59}},"9":{"start":{"line":26,"column":19},"end":{"line":26,"column":58}},"10":{"start":{"line":27,"column":4},"end":{"line":27,"column":24}},"11":{"start":{"line":27,"column":17},"end":{"line":27,"column":24}},"12":{"start":{"line":29,"column":17},"end":{"line":29,"column":46}},"13":{"start":{"line":30,"column":4},"end":{"line":30,"column":32}},"14":{"start":{"line":31,"column":4},"end":{"line":31,"column":29}},"15":{"start":{"line":33,"column":23},"end":{"line":33,"column":648}},"16":{"start":{"line":34,"column":22},"end":{"line":34,"column":642}},"17":{"start":{"line":36,"column":21},"end":{"line":36,"column":53}},"18":{"start":{"line":37,"column":4},"end":{"line":37,"column":30}},"19":{"start":{"line":38,"column":4},"end":{"line":38,"column":36}},"20":{"start":{"line":39,"column":4},"end":{"line":39,"column":49}},"21":{"start":{"line":40,"column":4},"end":{"line":43,"column":7}},"22":{"start":{"line":41,"column":6},"end":{"line":41,"column":23}},"23":{"start":{"line":42,"column":6},"end":{"line":42,"column":78}},"24":{"start":{"line":42,"column":28},"end":{"line":42,"column":78}},"25":{"start":{"line":44,"column":4},"end":{"line":44,"column":33}},"26":{"start":{"line":46,"column":20},"end":{"line":46,"column":52}},"27":{"start":{"line":47,"column":4},"end":{"line":47,"column":28}},"28":{"start":{"line":48,"column":4},"end":{"line":48,"column":34}},"29":{"start":{"line":49,"column":4},"end":{"line":49,"column":47}},"30":{"start":{"line":50,"column":4},"end":{"line":53,"column":7}},"31":{"start":{"line":51,"column":6},"end":{"line":51,"column":24}},"32":{"start":{"line":52,"column":6},"end":{"line":52,"column":79}},"33":{"start":{"line":52,"column":28},"end":{"line":52,"column":79}},"34":{"start":{"line":54,"column":4},"end":{"line":54,"column":32}},"35":{"start":{"line":58,"column":4},"end":{"line":58,"column":46}},"36":{"start":{"line":58,"column":23},"end":{"line":58,"column":46}},"37":{"start":{"line":59,"column":4},"end":{"line":65,"column":5}},"38":{"start":{"line":60,"column":6},"end":{"line":60,"column":57}},"39":{"start":{"line":62,"column":6},"end":{"line":62,"column":60}},"40":{"start":{"line":64,"column":6},"end":{"line":64,"column":48}},"41":{"start":{"line":69,"column":21},"end":{"line":69,"column":32}},"42":{"start":{"line":70,"column":4},"end":{"line":70,"column":25}},"43":{"start":{"line":71,"column":4},"end":{"line":71,"column":80}},"44":{"start":{"line":71,"column":26},"end":{"line":71,"column":80}},"45":{"start":{"line":72,"column":4},"end":{"line":72,"column":20}},"46":{"start":{"line":76,"column":4},"end":{"line":76,"column":93}},"47":{"start":{"line":76,"column":80},"end":{"line":76,"column":93}},"48":{"start":{"line":77,"column":16},"end":{"line":77,"column":32}},"49":{"start":{"line":78,"column":4},"end":{"line":78,"column":90}},"50":{"start":{"line":78,"column":77},"end":{"line":78,"column":90}},"51":{"start":{"line":79,"column":4},"end":{"line":79,"column":16}},"52":{"start":{"line":83,"column":2},"end":{"line":91,"column":5}},"53":{"start":{"line":84,"column":4},"end":{"line":89,"column":5}},"54":{"start":{"line":85,"column":20},"end":{"line":85,"column":28}},"55":{"start":{"line":86,"column":6},"end":{"line":86,"column":38}},"56":{"start":{"line":87,"column":11},"end":{"line":89,"column":5}},"57":{"start":{"line":88,"column":6},"end":{"line":88,"column":43}},"58":{"start":{"line":90,"column":4},"end":{"line":90,"column":16}},"59":{"start":{"line":94,"column":2},"end":{"line":99,"column":5}},"60":{"start":{"line":95,"column":4},"end":{"line":98,"column":5}},"61":{"start":{"line":96,"column":6},"end":{"line":96,"column":25}},"62":{"start":{"line":97,"column":6},"end":{"line":97,"column":15}},"63":{"start":{"line":103,"column":4},"end":{"line":103,"column":34}},"64":{"start":{"line":103,"column":27},"end":{"line":103,"column":34}},"65":{"start":{"line":104,"column":4},"end":{"line":106,"column":7}},"66":{"start":{"line":105,"column":6},"end":{"line":105,"column":40}},"67":{"start":{"line":109,"column":2},"end":{"line":109,"column":60}},"68":{"start":{"line":111,"column":24},"end":{"line":113,"column":4}},"69":{"start":{"line":112,"column":4},"end":{"line":112,"column":17}},"70":{"start":{"line":115,"column":18},"end":{"line":115,"column":49}},"71":{"start":{"line":116,"column":2},"end":{"line":118,"column":3}},"72":{"start":{"line":117,"column":4},"end":{"line":117,"column":56}},"73":{"start":{"line":120,"column":2},"end":{"line":120,"column":15}},"74":{"start":{"line":122,"column":2},"end":{"line":124,"column":3}},"75":{"start":{"line":123,"column":4},"end":{"line":123,"column":115}}},"fnMap":{"0":{"name":"(anonymous_0)","decl":{"start":{"line":3,"column":1},"end":{"line":3,"column":2}},"loc":{"start":{"line":3,"column":13},"end":{"line":125,"column":1}},"line":3},"1":{"name":"isContextValid","decl":{"start":{"line":11,"column":11},"end":{"line":11,"column":25}},"loc":{"start":{"line":11,"column":28},"end":{"line":13,"column":3}},"line":11},"2":{"name":"isWatchPage","decl":{"start":{"line":15,"column":11},"end":{"line":15,"column":22}},"loc":{"start":{"line":15,"column":25},"end":{"line":18,"column":3}},"line":15},"3":{"name":"isActive","decl":{"start":{"line":20,"column":11},"end":{"line":20,"column":19}},"loc":{"start":{"line":20,"column":22},"end":{"line":22,"column":3}},"line":20},"4":{"name":"createToggleElements","decl":{"start":{"line":24,"column":11},"end":{"line":24,"column":31}},"loc":{"start":{"line":24,"column":34},"end":{"line":55,"column":3}},"line":24},"5":{"name":"(anonymous_5)","decl":{"start":{"line":40,"column":39},"end":{"line":40,"column":40}},"loc":{"start":{"line":40,"column":45},"end":{"line":43,"column":5}},"line":40},"6":{"name":"(anonymous_6)","decl":{"start":{"line":50,"column":38},"end":{"line":50,"column":39}},"loc":{"start":{"line":50,"column":44},"end":{"line":53,"column":5}},"line":50},"7":{"name":"applyState","decl":{"start":{"line":57,"column":11},"end":{"line":57,"column":21}},"loc":{"start":{"line":57,"column":31},"end":{"line":66,"column":3}},"line":57},"8":{"name":"toggle","decl":{"start":{"line":68,"column":11},"end":{"line":68,"column":17}},"loc":{"start":{"line":68,"column":20},"end":{"line":73,"column":3}},"line":68},"9":{"name":"shouldToggleOnKeydown","decl":{"start":{"line":75,"column":11},"end":{"line":75,"column":32}},"loc":{"start":{"line":75,"column":36},"end":{"line":80,"column":3}},"line":75},"10":{"name":"(anonymous_10)","decl":{"start":{"line":83,"column":39},"end":{"line":83,"column":40}},"loc":{"start":{"line":83,"column":75},"end":{"line":91,"column":3}},"line":83},"11":{"name":"(anonymous_11)","decl":{"start":{"line":94,"column":39},"end":{"line":94,"column":40}},"loc":{"start":{"line":94,"column":46},"end":{"line":99,"column":3}},"line":94},"12":{"name":"onNavigate","decl":{"start":{"line":102,"column":11},"end":{"line":102,"column":21}},"loc":{"start":{"line":102,"column":24},"end":{"line":107,"column":3}},"line":102},"13":{"name":"(anonymous_13)","decl":{"start":{"line":104,"column":42},"end":{"line":104,"column":43}},"loc":{"start":{"line":104,"column":54},"end":{"line":106,"column":5}},"line":104},"14":{"name":"(anonymous_14)","decl":{"start":{"line":111,"column":45},"end":{"line":111,"column":46}},"loc":{"start":{"line":111,"column":51},"end":{"line":113,"column":3}},"line":111}},"branchMap":{"0":{"loc":{"start":{"line":12,"column":14},"end":{"line":12,"column":49}},"type":"binary-expr","locations":[{"start":{"line":12,"column":14},"end":{"line":12,"column":28}},{"start":{"line":12,"column":32},"end":{"line":12,"column":49}}],"line":12},"1":{"loc":{"start":{"line":17,"column":11},"end":{"line":17,"column":57}},"type":"binary-expr","locations":[{"start":{"line":17,"column":11},"end":{"line":17,"column":28}},{"start":{"line":17,"column":32},"end":{"line":17,"column":57}}],"line":17},"2":{"loc":{"start":{"line":25,"column":4},"end":{"line":25,"column":59}},"type":"if","locations":[{"start":{"line":25,"column":4},"end":{"line":25,"column":59}},{"start":{},"end":{}}],"line":25},"3":{"loc":{"start":{"line":27,"column":4},"end":{"line":27,"column":24}},"type":"if","locations":[{"start":{"line":27,"column":4},"end":{"line":27,"column":24}},{"start":{},"end":{}}],"line":27},"4":{"loc":{"start":{"line":42,"column":6},"end":{"line":42,"column":78}},"type":"if","locations":[{"start":{"line":42,"column":6},"end":{"line":42,"column":78}},{"start":{},"end":{}}],"line":42},"5":{"loc":{"start":{"line":52,"column":6},"end":{"line":52,"column":79}},"type":"if","locations":[{"start":{"line":52,"column":6},"end":{"line":52,"column":79}},{"start":{},"end":{}}],"line":52},"6":{"loc":{"start":{"line":58,"column":4},"end":{"line":58,"column":46}},"type":"if","locations":[{"start":{"line":58,"column":4},"end":{"line":58,"column":46}},{"start":{},"end":{}}],"line":58},"7":{"loc":{"start":{"line":59,"column":4},"end":{"line":65,"column":5}},"type":"if","locations":[{"start":{"line":59,"column":4},"end":{"line":65,"column":5}},{"start":{"line":61,"column":11},"end":{"line":65,"column":5}}],"line":59},"8":{"loc":{"start":{"line":59,"column":8},"end":{"line":59,"column":32}},"type":"binary-expr","locations":[{"start":{"line":59,"column":8},"end":{"line":59,"column":15}},{"start":{"line":59,"column":19},"end":{"line":59,"column":32}}],"line":59},"9":{"loc":{"start":{"line":71,"column":4},"end":{"line":71,"column":80}},"type":"if","locations":[{"start":{"line":71,"column":4},"end":{"line":71,"column":80}},{"start":{},"end":{}}],"line":71},"10":{"loc":{"start":{"line":76,"column":4},"end":{"line":76,"column":93}},"type":"if","locations":[{"start":{"line":76,"column":4},"end":{"line":76,"column":93}},{"start":{},"end":{}}],"line":76},"11":{"loc":{"start":{"line":76,"column":10},"end":{"line":76,"column":77}},"type":"binary-expr","locations":[{"start":{"line":76,"column":10},"end":{"line":76,"column":18}},{"start":{"line":76,"column":22},"end":{"line":76,"column":32}},{"start":{"line":76,"column":36},"end":{"line":76,"column":49}},{"start":{"line":76,"column":53},"end":{"line":76,"column":63}},{"start":{"line":76,"column":67},"end":{"line":76,"column":77}}],"line":76},"12":{"loc":{"start":{"line":78,"column":4},"end":{"line":78,"column":90}},"type":"if","locations":[{"start":{"line":78,"column":4},"end":{"line":78,"column":90}},{"start":{},"end":{}}],"line":78},"13":{"loc":{"start":{"line":78,"column":8},"end":{"line":78,"column":75}},"type":"binary-expr","locations":[{"start":{"line":78,"column":8},"end":{"line":78,"column":23}},{"start":{"line":78,"column":27},"end":{"line":78,"column":45}},{"start":{"line":78,"column":49},"end":{"line":78,"column":75}}],"line":78},"14":{"loc":{"start":{"line":84,"column":4},"end":{"line":89,"column":5}},"type":"if","locations":[{"start":{"line":84,"column":4},"end":{"line":89,"column":5}},{"start":{"line":87,"column":11},"end":{"line":89,"column":5}}],"line":84},"15":{"loc":{"start":{"line":87,"column":11},"end":{"line":89,"column":5}},"type":"if","locations":[{"start":{"line":87,"column":11},"end":{"line":89,"column":5}},{"start":{},"end":{}}],"line":87},"16":{"loc":{"start":{"line":95,"column":4},"end":{"line":98,"column":5}},"type":"if","locations":[{"start":{"line":95,"column":4},"end":{"line":98,"column":5}},{"start":{},"end":{}}],"line":95},"17":{"loc":{"start":{"line":103,"column":4},"end":{"line":103,"column":34}},"type":"if","locations":[{"start":{"line":103,"column":4},"end":{"line":103,"column":34}},{"start":{},"end":{}}],"line":103},"18":{"loc":{"start":{"line":116,"column":2},"end":{"line":118,"column":3}},"type":"if","locations":[{"start":{"line":116,"column":2},"end":{"line":118,"column":3}},{"start":{},"end":{}}],"line":116},"19":{"loc":{"start":{"line":122,"column":2},"end":{"line":124,"column":3}},"type":"if","locations":[{"start":{"line":122,"column":2},"end":{"line":124,"column":3}},{"start":{},"end":{}}],"line":122},"20":{"loc":{"start":{"line":122,"column":6},"end":{"line":122,"column":53}},"type":"binary-expr","locations":[{"start":{"line":122,"column":6},"end":{"line":122,"column":35}},{"start":{"line":122,"column":39},"end":{"line":122,"column":53}}],"line":122}},"s":{"0":24,"1":24,"2":24,"3":30,"4":43,"5":43,"6":8,"7":9,"8":0,"9":9,"10":9,"11":9,"12":0,"13":0,"14":0,"15":0,"16":0,"17":0,"18":0,"19":0,"20":0,"21":0,"22":0,"23":0,"24":0,"25":0,"26":0,"27":0,"28":0,"29":0,"30":0,"31":0,"32":0,"33":0,"34":0,"35":34,"36":9,"37":34,"38":2,"39":32,"40":32,"41":6,"42":6,"43":6,"44":6,"45":6,"46":9,"47":5,"48":4,"49":4,"50":3,"51":1,"52":24,"53":0,"54":0,"55":0,"56":0,"57":0,"58":0,"59":24,"60":0,"61":0,"62":0,"63":24,"64":0,"65":24,"66":24,"67":24,"68":24,"69":0,"70":24,"71":24,"72":0,"73":24,"74":24,"75":24},"f":{"0":24,"1":30,"2":43,"3":8,"4":9,"5":0,"6":0,"7":34,"8":6,"9":9,"10":0,"11":0,"12":24,"13":24,"14":0},"b":{"0":[30,30],"1":[43,31],"2":[0,9],"3":[9,0],"4":[0,0],"5":[0,0],"6":[9,25],"7":[2,32],"8":[34,7],"9":[6,0],"10":[5,4],"11":[9,8,7,6,5],"12":[3,1],"13":[4,3,2],"14":[0,0],"15":[0,0],"16":[0,0],"17":[0,24],"18":[0,24],"19":[24,0],"20":[24,24]},"_coverageSchema":"1a1c01bbd47fc00a2c39e90264f33305004495a9","hash":"aad2cd5c625b7b7fc9ce98fe2709eb2cb6fab713"}
,"C:\\Users\\micha\\Documents\\_dev\\youtube-windowed-fullscreen\\popup.js": {"path":"C:\\Users\\micha\\Documents\\_dev\\youtube-windowed-fullscreen\\popup.js","statementMap":{"0":{"start":{"line":1,"column":15},"end":{"line":1,"column":48}},"1":{"start":{"line":2,"column":18},"end":{"line":2,"column":55}},"2":{"start":{"line":3,"column":21},"end":{"line":3,"column":61}},"3":{"start":{"line":5,"column":21},"end":{"line":5,"column":57}},"4":{"start":{"line":6,"column":0},"end":{"line":6,"column":68}},"5":{"start":{"line":9,"column":12},"end":{"line":9,"column":41}},"6":{"start":{"line":10,"column":12},"end":{"line":10,"column":40}},"7":{"start":{"line":11,"column":2},"end":{"line":14,"column":3}},"8":{"start":{"line":11,"column":15},"end":{"line":11,"column":16}},"9":{"start":{"line":12,"column":4},"end":{"line":12,"column":33}},"10":{"start":{"line":12,"column":21},"end":{"line":12,"column":33}},"11":{"start":{"line":13,"column":4},"end":{"line":13,"column":34}},"12":{"start":{"line":13,"column":21},"end":{"line":13,"column":34}},"13":{"start":{"line":15,"column":2},"end":{"line":15,"column":15}},"14":{"start":{"line":19,"column":25},"end":{"line":19,"column":29}},"15":{"start":{"line":20,"column":22},"end":{"line":20,"column":26}},"16":{"start":{"line":23,"column":2},"end":{"line":31,"column":12}},"17":{"start":{"line":24,"column":21},"end":{"line":24,"column":59}},"18":{"start":{"line":25,"column":21},"end":{"line":25,"column":65}},"19":{"start":{"line":26,"column":4},"end":{"line":30,"column":5}},"20":{"start":{"line":27,"column":24},"end":{"line":27,"column":70}},"21":{"start":{"line":28,"column":28},"end":{"line":28,"column":49}},"22":{"start":{"line":29,"column":6},"end":{"line":29,"column":47}},"23":{"start":{"line":34,"column":2},"end":{"line":43,"column":12}},"24":{"start":{"line":35,"column":16},"end":{"line":38,"column":5}},"25":{"start":{"line":39,"column":4},"end":{"line":42,"column":5}},"26":{"start":{"line":40,"column":22},"end":{"line":40,"column":50}},"27":{"start":{"line":41,"column":6},"end":{"line":41,"column":57}},"28":{"start":{"line":45,"column":21},"end":{"line":45,"column":80}},"29":{"start":{"line":46,"column":22},"end":{"line":46,"column":75}},"30":{"start":{"line":48,"column":2},"end":{"line":71,"column":3}},"31":{"start":{"line":50,"column":4},"end":{"line":50,"column":38}},"32":{"start":{"line":51,"column":9},"end":{"line":71,"column":3}},"33":{"start":{"line":53,"column":4},"end":{"line":53,"column":32}},"34":{"start":{"line":54,"column":4},"end":{"line":55,"column":91}},"35":{"start":{"line":56,"column":4},"end":{"line":56,"column":41}},"36":{"start":{"line":58,"column":25},"end":{"line":70,"column":12}},"37":{"start":{"line":59,"column":6},"end":{"line":69,"column":16}},"38":{"start":{"line":60,"column":25},"end":{"line":60,"column":63}},"39":{"start":{"line":61,"column":20},"end":{"line":61,"column":64}},"40":{"start":{"line":62,"column":8},"end":{"line":62,"column":28}},"41":{"start":{"line":62,"column":21},"end":{"line":62,"column":28}},"42":{"start":{"line":63,"column":21},"end":{"line":63,"column":62}},"43":{"start":{"line":64,"column":30},"end":{"line":64,"column":54}},"44":{"start":{"line":65,"column":8},"end":{"line":68,"column":9}},"45":{"start":{"line":66,"column":10},"end":{"line":66,"column":38}},"46":{"start":{"line":67,"column":10},"end":{"line":67,"column":41}},"47":{"start":{"line":75,"column":2},"end":{"line":75,"column":35}},"48":{"start":{"line":76,"column":2},"end":{"line":77,"column":70}},"49":{"start":{"line":78,"column":2},"end":{"line":78,"column":39}},"50":{"start":{"line":79,"column":2},"end":{"line":81,"column":5}},"51":{"start":{"line":80,"column":4},"end":{"line":80,"column":28}},"52":{"start":{"line":84,"column":0},"end":{"line":84,"column":17}},"53":{"start":{"line":87,"column":2},"end":{"line":87,"column":27}},"54":{"start":{"line":91,"column":2},"end":{"line":91,"column":30}},"55":{"start":{"line":92,"column":2},"end":{"line":92,"column":36}},"56":{"start":{"line":93,"column":2},"end":{"line":93,"column":25}},"57":{"start":{"line":97,"column":2},"end":{"line":97,"column":90}},"58":{"start":{"line":97,"column":81},"end":{"line":97,"column":88}},"59":{"start":{"line":101,"column":14},"end":{"line":101,"column":34}},"60":{"start":{"line":103,"column":2},"end":{"line":106,"column":3}},"61":{"start":{"line":104,"column":4},"end":{"line":104,"column":51}},"62":{"start":{"line":105,"column":4},"end":{"line":105,"column":11}},"63":{"start":{"line":108,"column":2},"end":{"line":113,"column":3}},"64":{"start":{"line":109,"column":21},"end":{"line":109,"column":82}},"65":{"start":{"line":110,"column":4},"end":{"line":110,"column":33}},"66":{"start":{"line":112,"column":4},"end":{"line":112,"column":51}},"67":{"start":{"line":116,"column":0},"end":{"line":125,"column":3}},"68":{"start":{"line":117,"column":14},"end":{"line":117,"column":34}},"69":{"start":{"line":118,"column":2},"end":{"line":124,"column":3}},"70":{"start":{"line":119,"column":21},"end":{"line":119,"column":80}},"71":{"start":{"line":120,"column":4},"end":{"line":120,"column":33}},"72":{"start":{"line":122,"column":4},"end":{"line":122,"column":42}},"73":{"start":{"line":123,"column":4},"end":{"line":123,"column":20}},"74":{"start":{"line":127,"column":0},"end":{"line":127,"column":7}},"75":{"start":{"line":130,"column":16},"end":{"line":130,"column":51}},"76":{"start":{"line":131,"column":21},"end":{"line":131,"column":61}},"77":{"start":{"line":133,"column":0},"end":{"line":142,"column":1}},"78":{"start":{"line":134,"column":2},"end":{"line":137,"column":5}},"79":{"start":{"line":135,"column":4},"end":{"line":135,"column":24}},"80":{"start":{"line":136,"column":4},"end":{"line":136,"column":42}},"81":{"start":{"line":139,"column":2},"end":{"line":141,"column":5}},"82":{"start":{"line":140,"column":4},"end":{"line":140,"column":42}},"83":{"start":{"line":145,"column":18},"end":{"line":145,"column":55}},"84":{"start":{"line":146,"column":0},"end":{"line":174,"column":1}},"85":{"start":{"line":147,"column":2},"end":{"line":173,"column":5}},"86":{"start":{"line":148,"column":4},"end":{"line":148,"column":23}},"87":{"start":{"line":149,"column":15},"end":{"line":149,"column":34}},"88":{"start":{"line":150,"column":18},"end":{"line":150,"column":27}},"89":{"start":{"line":151,"column":4},"end":{"line":163,"column":5}},"90":{"start":{"line":152,"column":16},"end":{"line":152,"column":41}},"91":{"start":{"line":153,"column":6},"end":{"line":153,"column":52}},"92":{"start":{"line":154,"column":11},"end":{"line":163,"column":5}},"93":{"start":{"line":155,"column":16},"end":{"line":155,"column":44}},"94":{"start":{"line":156,"column":6},"end":{"line":156,"column":51}},"95":{"start":{"line":157,"column":11},"end":{"line":163,"column":5}},"96":{"start":{"line":158,"column":16},"end":{"line":158,"column":45}},"97":{"start":{"line":159,"column":6},"end":{"line":159,"column":45}},"98":{"start":{"line":160,"column":11},"end":{"line":163,"column":5}},"99":{"start":{"line":161,"column":16},"end":{"line":161,"column":45}},"100":{"start":{"line":162,"column":6},"end":{"line":162,"column":44}},"101":{"start":{"line":164,"column":13},"end":{"line":164,"column":22}},"102":{"start":{"line":165,"column":4},"end":{"line":168,"column":50}},"103":{"start":{"line":165,"column":32},"end":{"line":165,"column":47}},"104":{"start":{"line":166,"column":9},"end":{"line":168,"column":50}},"105":{"start":{"line":166,"column":38},"end":{"line":166,"column":51}},"106":{"start":{"line":167,"column":9},"end":{"line":168,"column":50}},"107":{"start":{"line":167,"column":35},"end":{"line":167,"column":48}},"108":{"start":{"line":168,"column":9},"end":{"line":168,"column":50}},"109":{"start":{"line":168,"column":34},"end":{"line":168,"column":50}},"110":{"start":{"line":170,"column":17},"end":{"line":170,"column":245}},"111":{"start":{"line":171,"column":16},"end":{"line":171,"column":118}},"112":{"start":{"line":172,"column":4},"end":{"line":172,"column":32}},"113":{"start":{"line":177,"column":0},"end":{"line":179,"column":1}},"114":{"start":{"line":178,"column":2},"end":{"line":178,"column":58}}},"fnMap":{"0":{"name":"isNewer","decl":{"start":{"line":8,"column":9},"end":{"line":8,"column":16}},"loc":{"start":{"line":8,"column":32},"end":{"line":16,"column":1}},"line":8},"1":{"name":"checkForUpdate","decl":{"start":{"line":18,"column":15},"end":{"line":18,"column":29}},"loc":{"start":{"line":18,"column":32},"end":{"line":72,"column":1}},"line":18},"2":{"name":"(anonymous_2)","decl":{"start":{"line":58,"column":37},"end":{"line":58,"column":38}},"loc":{"start":{"line":58,"column":49},"end":{"line":70,"column":5}},"line":58},"3":{"name":"showReadyBanner","decl":{"start":{"line":74,"column":9},"end":{"line":74,"column":24}},"loc":{"start":{"line":74,"column":34},"end":{"line":82,"column":1}},"line":74},"4":{"name":"(anonymous_4)","decl":{"start":{"line":79,"column":66},"end":{"line":79,"column":67}},"loc":{"start":{"line":79,"column":72},"end":{"line":81,"column":3}},"line":79},"5":{"name":"updateUI","decl":{"start":{"line":86,"column":9},"end":{"line":86,"column":17}},"loc":{"start":{"line":86,"column":27},"end":{"line":88,"column":1}},"line":86},"6":{"name":"showError","decl":{"start":{"line":90,"column":9},"end":{"line":90,"column":18}},"loc":{"start":{"line":90,"column":24},"end":{"line":94,"column":1}},"line":90},"7":{"name":"getActiveTab","decl":{"start":{"line":96,"column":9},"end":{"line":96,"column":21}},"loc":{"start":{"line":96,"column":24},"end":{"line":98,"column":1}},"line":96},"8":{"name":"(anonymous_8)","decl":{"start":{"line":97,"column":71},"end":{"line":97,"column":72}},"loc":{"start":{"line":97,"column":81},"end":{"line":97,"column":88}},"line":97},"9":{"name":"init","decl":{"start":{"line":100,"column":15},"end":{"line":100,"column":19}},"loc":{"start":{"line":100,"column":22},"end":{"line":114,"column":1}},"line":100},"10":{"name":"(anonymous_10)","decl":{"start":{"line":116,"column":34},"end":{"line":116,"column":35}},"loc":{"start":{"line":116,"column":46},"end":{"line":125,"column":1}},"line":116},"11":{"name":"(anonymous_11)","decl":{"start":{"line":134,"column":36},"end":{"line":134,"column":37}},"loc":{"start":{"line":134,"column":43},"end":{"line":137,"column":3}},"line":134},"12":{"name":"(anonymous_12)","decl":{"start":{"line":139,"column":37},"end":{"line":139,"column":38}},"loc":{"start":{"line":139,"column":43},"end":{"line":141,"column":3}},"line":139},"13":{"name":"(anonymous_13)","decl":{"start":{"line":147,"column":38},"end":{"line":147,"column":39}},"loc":{"start":{"line":147,"column":45},"end":{"line":173,"column":3}},"line":147}},"branchMap":{"0":{"loc":{"start":{"line":12,"column":4},"end":{"line":12,"column":33}},"type":"if","locations":[{"start":{"line":12,"column":4},"end":{"line":12,"column":33}},{"start":{},"end":{}}],"line":12},"1":{"loc":{"start":{"line":13,"column":4},"end":{"line":13,"column":34}},"type":"if","locations":[{"start":{"line":13,"column":4},"end":{"line":13,"column":34}},{"start":{},"end":{}}],"line":13},"2":{"loc":{"start":{"line":26,"column":4},"end":{"line":30,"column":5}},"type":"if","locations":[{"start":{"line":26,"column":4},"end":{"line":30,"column":5}},{"start":{},"end":{}}],"line":26},"3":{"loc":{"start":{"line":39,"column":4},"end":{"line":42,"column":5}},"type":"if","locations":[{"start":{"line":39,"column":4},"end":{"line":42,"column":5}},{"start":{},"end":{}}],"line":39},"4":{"loc":{"start":{"line":45,"column":21},"end":{"line":45,"column":80}},"type":"binary-expr","locations":[{"start":{"line":45,"column":21},"end":{"line":45,"column":37}},{"start":{"line":45,"column":41},"end":{"line":45,"column":80}}],"line":45},"5":{"loc":{"start":{"line":46,"column":22},"end":{"line":46,"column":75}},"type":"binary-expr","locations":[{"start":{"line":46,"column":22},"end":{"line":46,"column":35}},{"start":{"line":46,"column":39},"end":{"line":46,"column":75}}],"line":46},"6":{"loc":{"start":{"line":48,"column":2},"end":{"line":71,"column":3}},"type":"if","locations":[{"start":{"line":48,"column":2},"end":{"line":71,"column":3}},{"start":{"line":51,"column":9},"end":{"line":71,"column":3}}],"line":48},"7":{"loc":{"start":{"line":51,"column":9},"end":{"line":71,"column":3}},"type":"if","locations":[{"start":{"line":51,"column":9},"end":{"line":71,"column":3}},{"start":{},"end":{}}],"line":51},"8":{"loc":{"start":{"line":51,"column":13},"end":{"line":51,"column":39}},"type":"binary-expr","locations":[{"start":{"line":51,"column":13},"end":{"line":51,"column":24}},{"start":{"line":51,"column":28},"end":{"line":51,"column":39}}],"line":51},"9":{"loc":{"start":{"line":62,"column":8},"end":{"line":62,"column":28}},"type":"if","locations":[{"start":{"line":62,"column":8},"end":{"line":62,"column":28}},{"start":{},"end":{}}],"line":62},"10":{"loc":{"start":{"line":65,"column":8},"end":{"line":68,"column":9}},"type":"if","locations":[{"start":{"line":65,"column":8},"end":{"line":68,"column":9}},{"start":{},"end":{}}],"line":65},"11":{"loc":{"start":{"line":103,"column":2},"end":{"line":106,"column":3}},"type":"if","locations":[{"start":{"line":103,"column":2},"end":{"line":106,"column":3}},{"start":{},"end":{}}],"line":103},"12":{"loc":{"start":{"line":103,"column":6},"end":{"line":103,"column":100}},"type":"binary-expr","locations":[{"start":{"line":103,"column":6},"end":{"line":103,"column":15}},{"start":{"line":103,"column":19},"end":{"line":103,"column":100}}],"line":103},"13":{"loc":{"start":{"line":103,"column":21},"end":{"line":103,"column":99}},"type":"binary-expr","locations":[{"start":{"line":103,"column":21},"end":{"line":103,"column":58}},{"start":{"line":103,"column":62},"end":{"line":103,"column":99}}],"line":103},"14":{"loc":{"start":{"line":133,"column":0},"end":{"line":142,"column":1}},"type":"if","locations":[{"start":{"line":133,"column":0},"end":{"line":142,"column":1}},{"start":{},"end":{}}],"line":133},"15":{"loc":{"start":{"line":146,"column":0},"end":{"line":174,"column":1}},"type":"if","locations":[{"start":{"line":146,"column":0},"end":{"line":174,"column":1}},{"start":{},"end":{}}],"line":146},"16":{"loc":{"start":{"line":151,"column":4},"end":{"line":163,"column":5}},"type":"if","locations":[{"start":{"line":151,"column":4},"end":{"line":163,"column":5}},{"start":{"line":154,"column":11},"end":{"line":163,"column":5}}],"line":151},"17":{"loc":{"start":{"line":153,"column":37},"end":{"line":153,"column":50}},"type":"cond-expr","locations":[{"start":{"line":153,"column":41},"end":{"line":153,"column":45}},{"start":{"line":153,"column":48},"end":{"line":153,"column":50}}],"line":153},"18":{"loc":{"start":{"line":154,"column":11},"end":{"line":163,"column":5}},"type":"if","locations":[{"start":{"line":154,"column":11},"end":{"line":163,"column":5}},{"start":{"line":157,"column":11},"end":{"line":163,"column":5}}],"line":154},"19":{"loc":{"start":{"line":156,"column":36},"end":{"line":156,"column":49}},"type":"cond-expr","locations":[{"start":{"line":156,"column":40},"end":{"line":156,"column":44}},{"start":{"line":156,"column":47},"end":{"line":156,"column":49}}],"line":156},"20":{"loc":{"start":{"line":157,"column":11},"end":{"line":163,"column":5}},"type":"if","locations":[{"start":{"line":157,"column":11},"end":{"line":163,"column":5}},{"start":{"line":160,"column":11},"end":{"line":163,"column":5}}],"line":157},"21":{"loc":{"start":{"line":159,"column":30},"end":{"line":159,"column":43}},"type":"cond-expr","locations":[{"start":{"line":159,"column":34},"end":{"line":159,"column":38}},{"start":{"line":159,"column":41},"end":{"line":159,"column":43}}],"line":159},"22":{"loc":{"start":{"line":160,"column":11},"end":{"line":163,"column":5}},"type":"if","locations":[{"start":{"line":160,"column":11},"end":{"line":163,"column":5}},{"start":{},"end":{}}],"line":160},"23":{"loc":{"start":{"line":162,"column":29},"end":{"line":162,"column":42}},"type":"cond-expr","locations":[{"start":{"line":162,"column":33},"end":{"line":162,"column":37}},{"start":{"line":162,"column":40},"end":{"line":162,"column":42}}],"line":162},"24":{"loc":{"start":{"line":165,"column":4},"end":{"line":168,"column":50}},"type":"if","locations":[{"start":{"line":165,"column":4},"end":{"line":168,"column":50}},{"start":{"line":166,"column":9},"end":{"line":168,"column":50}}],"line":165},"25":{"loc":{"start":{"line":166,"column":9},"end":{"line":168,"column":50}},"type":"if","locations":[{"start":{"line":166,"column":9},"end":{"line":168,"column":50}},{"start":{"line":167,"column":9},"end":{"line":168,"column":50}}],"line":166},"26":{"loc":{"start":{"line":167,"column":9},"end":{"line":168,"column":50}},"type":"if","locations":[{"start":{"line":167,"column":9},"end":{"line":168,"column":50}},{"start":{"line":168,"column":9},"end":{"line":168,"column":50}}],"line":167},"27":{"loc":{"start":{"line":168,"column":9},"end":{"line":168,"column":50}},"type":"if","locations":[{"start":{"line":168,"column":9},"end":{"line":168,"column":50}},{"start":{},"end":{}}],"line":168},"28":{"loc":{"start":{"line":177,"column":0},"end":{"line":179,"column":1}},"type":"if","locations":[{"start":{"line":177,"column":0},"end":{"line":179,"column":1}},{"start":{},"end":{}}],"line":177},"29":{"loc":{"start":{"line":177,"column":4},"end":{"line":177,"column":51}},"type":"binary-expr","locations":[{"start":{"line":177,"column":4},"end":{"line":177,"column":33}},{"start":{"line":177,"column":37},"end":{"line":177,"column":51}}],"line":177}},"s":{"0":9,"1":9,"2":9,"3":9,"4":9,"5":11,"6":11,"7":11,"8":11,"9":24,"10":6,"11":18,"12":4,"13":1,"14":9,"15":9,"16":9,"17":9,"18":0,"19":0,"20":0,"21":0,"22":0,"23":9,"24":9,"25":9,"26":0,"27":0,"28":9,"29":9,"30":9,"31":0,"32":9,"33":0,"34":0,"35":0,"36":0,"37":0,"38":0,"39":0,"40":0,"41":0,"42":0,"43":0,"44":0,"45":0,"46":0,"47":0,"48":0,"49":0,"50":0,"51":0,"52":9,"53":8,"54":4,"55":4,"56":4,"57":9,"58":9,"59":9,"60":9,"61":2,"62":2,"63":7,"64":7,"65":6,"66":1,"67":9,"68":0,"69":0,"70":0,"71":0,"72":0,"73":0,"74":9,"75":9,"76":9,"77":9,"78":0,"79":0,"80":0,"81":0,"82":0,"83":9,"84":9,"85":0,"86":0,"87":0,"88":0,"89":0,"90":0,"91":0,"92":0,"93":0,"94":0,"95":0,"96":0,"97":0,"98":0,"99":0,"100":0,"101":0,"102":0,"103":0,"104":0,"105":0,"106":0,"107":0,"108":0,"109":0,"110":0,"111":0,"112":0,"113":9,"114":9},"f":{"0":11,"1":9,"2":0,"3":0,"4":0,"5":8,"6":4,"7":9,"8":9,"9":9,"10":0,"11":0,"12":0,"13":0},"b":{"0":[6,18],"1":[4,14],"2":[0,0],"3":[0,9],"4":[9,0],"5":[9,0],"6":[0,9],"7":[0,9],"8":[9,0],"9":[0,0],"10":[0,0],"11":[2,7],"12":[9,8],"13":[8,1],"14":[0,9],"15":[0,9],"16":[0,0],"17":[0,0],"18":[0,0],"19":[0,0],"20":[0,0],"21":[0,0],"22":[0,0],"23":[0,0],"24":[0,0],"25":[0,0],"26":[0,0],"27":[0,0],"28":[9,0],"29":[9,9]},"_coverageSchema":"1a1c01bbd47fc00a2c39e90264f33305004495a9","hash":"75dcee8f9d92541242f602164c71b339890d7779"}
}
