TN:
SF:content.js
FN:3,(anonymous_0)
FN:11,isContextValid
FN:15,isWatchPage
FN:20,isActive
FN:24,createToggleElements
FN:40,(anonymous_5)
FN:50,(anonymous_6)
FN:57,applyState
FN:68,toggle
FN:75,shouldToggleOnKeydown
FN:83,(anonymous_10)
FN:94,(anonymous_11)
FN:102,onNavigate
FN:104,(anonymous_13)
FN:111,(anonymous_14)
FNF:15
FNH:10
FNDA:24,(anonymous_0)
FNDA:30,isContextValid
FNDA:43,isWatchPage
FNDA:8,isActive
FNDA:9,createToggleElements
FNDA:0,(anonymous_5)
FNDA:0,(anonymous_6)
FNDA:34,applyState
FNDA:6,toggle
FNDA:9,shouldToggleOnKeydown
FNDA:0,(anonymous_10)
FNDA:0,(anonymous_11)
FNDA:24,onNavigate
FNDA:24,(anonymous_13)
FNDA:0,(anonymous_14)
DA:3,24
DA:6,24
DA:7,24
DA:12,30
DA:16,43
DA:17,43
DA:21,8
DA:25,9
DA:26,9
DA:27,9
DA:29,0
DA:30,0
DA:31,0
DA:33,0
DA:34,0
DA:36,0
DA:37,0
DA:38,0
DA:39,0
DA:40,0
DA:41,0
DA:42,0
DA:44,0
DA:46,0
DA:47,0
DA:48,0
DA:49,0
DA:50,0
DA:51,0
DA:52,0
DA:54,0
DA:58,34
DA:59,34
DA:60,2
DA:62,32
DA:64,32
DA:69,6
DA:70,6
DA:71,6
DA:72,6
DA:76,9
DA:77,4
DA:78,4
DA:79,1
DA:83,24
DA:84,0
DA:85,0
DA:86,0
DA:87,0
DA:88,0
DA:90,0
DA:94,24
DA:95,0
DA:96,0
DA:97,0
DA:103,24
DA:104,24
DA:105,24
DA:109,24
DA:111,24
DA:112,0
DA:115,24
DA:116,24
DA:117,0
DA:120,24
DA:122,24
DA:123,24
LF:67
LH:35
BRDA:12,0,0,30
BRDA:12,0,1,30
BRDA:17,1,0,43
BRDA:17,1,1,31
BRDA:25,2,0,0
BRDA:25,2,1,9
BRDA:27,3,0,9
BRDA:27,3,1,0
BRDA:42,4,0,0
BRDA:42,4,1,0
BRDA:52,5,0,0
BRDA:52,5,1,0
BRDA:58,6,0,9
BRDA:58,6,1,25
BRDA:59,7,0,2
BRDA:59,7,1,32
BRDA:59,8,0,34
BRDA:59,8,1,7
BRDA:71,9,0,6
BRDA:71,9,1,0
BRDA:76,10,0,5
BRDA:76,10,1,4
BRDA:76,11,0,9
BRDA:76,11,1,8
BRDA:76,11,2,7
BRDA:76,11,3,6
BRDA:76,11,4,5
BRDA:78,12,0,3
BRDA:78,12,1,1
BRDA:78,13,0,4
BRDA:78,13,1,3
BRDA:78,13,2,2
BRDA:84,14,0,0
BRDA:84,14,1,0
BRDA:87,15,0,0
BRDA:87,15,1,0
BRDA:95,16,0,0
BRDA:95,16,1,0
BRDA:103,17,0,0
BRDA:103,17,1,24
BRDA:116,18,0,0
BRDA:116,18,1,24
BRDA:122,19,0,24
BRDA:122,19,1,0
BRDA:122,20,0,24
BRDA:122,20,1,24
BRF:46
BRH:30
end_of_record
TN:
SF:popup.js
FN:8,isNewer
FN:18,checkForUpdate
FN:58,(anonymous_2)
FN:74,showReadyBanner
FN:79,(anonymous_4)
FN:86,updateUI
FN:90,showError
FN:96,getActiveTab
FN:97,(anonymous_8)
FN:100,init
FN:116,(anonymous_10)
FN:134,(anonymous_11)
FN:139,(anonymous_12)
FN:147,(anonymous_13)
FNF:14
FNH:7
FNDA:11,isNewer
FNDA:9,checkForUpdate
FNDA:0,(anonymous_2)
FNDA:0,showReadyBanner
FNDA:0,(anonymous_4)
FNDA:8,updateUI
FNDA:4,showError
FNDA:9,getActiveTab
FNDA:9,(anonymous_8)
FNDA:9,init
FNDA:0,(anonymous_10)
FNDA:0,(anonymous_11)
FNDA:0,(anonymous_12)
FNDA:0,(anonymous_13)
DA:1,9
DA:2,9
DA:3,9
DA:5,9
DA:6,9
DA:9,11
DA:10,11
DA:11,11
DA:12,24
DA:13,18
DA:15,1
DA:19,9
DA:20,9
DA:23,9
DA:24,9
DA:25,0
DA:26,0
DA:27,0
DA:28,0
DA:29,0
DA:34,9
DA:35,9
DA:39,9
DA:40,0
DA:41,0
DA:45,9
DA:46,9
DA:48,9
DA:50,0
DA:51,9
DA:53,0
DA:54,0
DA:56,0
DA:58,0
DA:59,0
DA:60,0
DA:61,0
DA:62,0
DA:63,0
DA:64,0
DA:65,0
DA:66,0
DA:67,0
DA:75,0
DA:76,0
DA:78,0
DA:79,0
DA:80,0
DA:84,9
DA:87,8
DA:91,4
DA:92,4
DA:93,4
DA:97,9
DA:101,9
DA:103,9
DA:104,2
DA:105,2
DA:108,7
DA:109,7
DA:110,6
DA:112,1
DA:116,9
DA:117,0
DA:118,0
DA:119,0
DA:120,0
DA:122,0
DA:123,0
DA:127,9
DA:130,9
DA:131,9
DA:133,9
DA:134,0
DA:135,0
DA:136,0
DA:139,0
DA:140,0
DA:145,9
DA:146,9
DA:147,0
DA:148,0
DA:149,0
DA:150,0
DA:151,0
DA:152,0
DA:153,0
DA:154,0
DA:155,0
DA:156,0
DA:157,0
DA:158,0
DA:159,0
DA:160,0
DA:161,0
DA:162,0
DA:164,0
DA:165,0
DA:166,0
DA:167,0
DA:168,0
DA:170,0
DA:171,0
DA:172,0
DA:177,9
DA:178,9
LF:106
LH:45
BRDA:12,0,0,6
BRDA:12,0,1,18
BRDA:13,1,0,4
BRDA:13,1,1,14
BRDA:26,2,0,0
BRDA:26,2,1,0
BRDA:39,3,0,0
BRDA:39,3,1,9
BRDA:45,4,0,9
BRDA:45,4,1,0
BRDA:46,5,0,9
BRDA:46,5,1,0
BRDA:48,6,0,0
BRDA:48,6,1,9
BRDA:51,7,0,0
BRDA:51,7,1,9
BRDA:51,8,0,9
BRDA:51,8,1,0
BRDA:62,9,0,0
BRDA:62,9,1,0
BRDA:65,10,0,0
BRDA:65,10,1,0
BRDA:103,11,0,2
BRDA:103,11,1,7
BRDA:103,12,0,9
BRDA:103,12,1,8
BRDA:103,13,0,8
BRDA:103,13,1,1
BRDA:133,14,0,0
BRDA:133,14,1,9
BRDA:146,15,0,0
BRDA:146,15,1,9
BRDA:151,16,0,0
BRDA:151,16,1,0
BRDA:153,17,0,0
BRDA:153,17,1,0
BRDA:154,18,0,0
BRDA:154,18,1,0
BRDA:156,19,0,0
BRDA:156,19,1,0
BRDA:157,20,0,0
BRDA:157,20,1,0
BRDA:159,21,0,0
BRDA:159,21,1,0
BRDA:160,22,0,0
BRDA:160,22,1,0
BRDA:162,23,0,0
BRDA:162,23,1,0
BRDA:165,24,0,0
BRDA:165,24,1,0
BRDA:166,25,0,0
BRDA:166,25,1,0
BRDA:167,26,0,0
BRDA:167,26,1,0
BRDA:168,27,0,0
BRDA:168,27,1,0
BRDA:177,28,0,9
BRDA:177,28,1,0
BRDA:177,29,0,9
BRDA:177,29,1,9
BRF:60
BRH:21
end_of_record
